<?xml version="1.0" encoding="UTF-8"?>
<!-- Generated by org.testng.reporters.JUnitXMLReporter -->
<testsuite ignored="0" hostname="DESKTOP-DUBHB1N" failures="0" tests="2" name="Error Validation Test" time="28.082" errors="0" timestamp="2025-06-10T11:03:34 AEST">
  <testcase classname="dimpletesting.test.ErrorValidationTest" name="LoginErrorValidation" time="1.082"/>
  <testcase classname="dimpletesting.test.ErrorValidationTest" name="ProductErrorValidation" time="3.729"/>
</testsuite> <!-- Error Validation Test -->
