<?xml version="1.0" encoding="UTF-8"?>
<!-- Generated by org.testng.reporters.JUnitXMLReporter -->
<testsuite ignored="0" hostname="DESKTOP-DUBHB1N" failures="0" tests="3" name="Submit Order Test" time="51.781" errors="0" timestamp="2025-06-10T11:03:57 AEST">
  <testcase classname="dimpletesting.test.SubmitOrderTest" name="submitOrder" time="9.307"/>
  <testcase classname="dimpletesting.test.SubmitOrderTest" name="submitOrder" time="12.383"/>
  <testcase classname="dimpletesting.test.SubmitOrderTest" name="OrderHistoryTest" time="1.358"/>
</testsuite> <!-- Submit Order Test -->
