<?xml version="1.0" encoding="UTF-8"?>
<!-- Generated by org.testng.reporters.JUnitXMLReporter -->
<testsuite ignored="0" hostname="DESKTOP-DUBHB1N" failures="0" tests="2" name="Error Validation Test" time="203.17" errors="0" timestamp="2025-06-12T08:30:03 AEST">
  <testcase classname="dimpletesting.test.ErrorValidationTest" name="LoginErrorValidation" time="7.619"/>
  <testcase classname="dimpletesting.test.ErrorValidationTest" name="ProductErrorValidation" time="22.546"/>
</testsuite> <!-- Error Validation Test -->
