<?xml version="1.0" encoding="UTF-8"?>
<!-- Generated by org.testng.reporters.JUnitXMLReporter -->
<testsuite ignored="0" hostname="DESKTOP-DUBHB1N" failures="0" tests="3" name="Submit Order Test" time="234.136" errors="0" timestamp="2025-06-12T08:30:29 AEST">
  <testcase classname="dimpletesting.test.SubmitOrderTest" name="submitOrder" time="23.94"/>
  <testcase classname="dimpletesting.test.SubmitOrderTest" name="submitOrder" time="24.281"/>
  <testcase classname="dimpletesting.test.SubmitOrderTest" name="OrderHistoryTest" time="2.115"/>
</testsuite> <!-- Submit Order Test -->
